<?xml version="1.0" encoding="UTF-8"?>
<testsuite name="ru.stqa.pft.mantis.tests.sandbox.DistanceTests" tests="2" skipped="0" failures="0" errors="0" timestamp="2019-04-06T15:39:52" hostname="iMac.local" time="0.007">
  <properties/>
  <testcase name="testDistance1" classname="ru.stqa.pft.mantis.tests.sandbox.DistanceTests" time="0.006"/>
  <testcase name="testDistance2" classname="ru.stqa.pft.mantis.tests.sandbox.DistanceTests" time="0.0"/>
  <system-out><![CDATA[]]></system-out>
  <system-err><![CDATA[]]></system-err>
</testsuite>
