<?xml version="1.0" encoding="UTF-8"?>
<testsuite name="ru.stqa.pft.mantis.tests.sandbox.EquationTests" tests="6" skipped="0" failures="0" errors="0" timestamp="2019-04-06T15:39:52" hostname="iMac.local" time="0.003">
  <properties/>
  <testcase name="test0" classname="ru.stqa.pft.mantis.tests.sandbox.EquationTests" time="0.0"/>
  <testcase name="test1" classname="ru.stqa.pft.mantis.tests.sandbox.EquationTests" time="0.0"/>
  <testcase name="test2" classname="ru.stqa.pft.mantis.tests.sandbox.EquationTests" time="0.0"/>
  <testcase name="testLConstant" classname="ru.stqa.pft.mantis.tests.sandbox.EquationTests" time="0.0"/>
  <testcase name="testLZero" classname="ru.stqa.pft.mantis.tests.sandbox.EquationTests" time="0.0"/>
  <testcase name="testLinear" classname="ru.stqa.pft.mantis.tests.sandbox.EquationTests" time="0.0"/>
  <system-out><![CDATA[]]></system-out>
  <system-err><![CDATA[]]></system-err>
</testsuite>
